[2013-06-16 17:02:07] (ERROR @ /modx/index.php) `[[2]]` is not a valid integer and may not be passed to makeUrl()
[2013-06-17 14:35:27] (ERROR @ /modx/connectors/workspace/packages-rest.php) Could not connect to provider at: http://rest.modx.com/extras/
[2013-06-17 14:35:30] (ERROR @ /modx/connectors/workspace/packages-rest.php) Could not connect to provider at: http://rest.modx.com/extras/
[2013-06-17 14:38:54] (ERROR @ /modx/connectors/workspace/packages-rest.php) Could not connect to provider at: http://rest.modx.com/extras/
[2013-06-17 14:38:55] (ERROR @ /modx/connectors/workspace/packages-rest.php) Could not connect to provider at: http://rest.modx.com/extras/
[2013-06-17 14:44:35] (ERROR @ /modx/connectors/workspace/packages-rest.php) Could not connect to provider at: http://rest.modx.com/extras/
[2013-06-17 14:44:35] (ERROR @ /modx/connectors/workspace/packages-rest.php) Could not connect to provider at: http://rest.modx.com/extras/
[2013-06-17 14:53:21] (ERROR @ /modx/connectors/workspace/packages-rest.php) Could not connect to provider at: http://rest.modx.com/extras/
[2013-06-17 14:53:21] (ERROR @ /modx/connectors/workspace/packages-rest.php) Could not connect to provider at: http://rest.modx.com/extras/
[2013-06-17 15:13:32] (ERROR @ /modx/connectors/workspace/packages-rest.php) Could not connect to provider at: http://rest.modx.com/extras/
[2013-06-17 15:13:35] (ERROR @ /modx/connectors/workspace/packages-rest.php) Could not connect to provider at: http://rest.modx.com/extras/
[2013-06-17 16:10:43] (ERROR @ /modx/connectors/workspace/packages-rest.php) Could not connect to provider at: http://rest.modx.com/extras/
[2013-06-17 16:10:44] (ERROR @ /modx/connectors/workspace/packages-rest.php) Could not connect to provider at: http://rest.modx.com/extras/
[2013-06-17 16:23:18] (ERROR @ /modx/connectors/workspace/packages-rest.php) Could not connect to provider at: http://rest.modx.com/extras/
[2013-06-17 18:05:24] (ERROR @ /modx/connectors/workspace/packages-rest.php) Could not connect to provider at: http://rest.modx.com/extras/
[2013-06-17 18:05:24] (ERROR @ /modx/connectors/workspace/packages-rest.php) Could not connect to provider at: http://rest.modx.com/extras/
[2013-06-17 18:07:09] (ERROR @ /modx/connectors/workspace/packages-rest.php) Could not connect to provider at: http://rest.modx.com/extras/
[2013-06-17 18:07:21] (ERROR @ /modx/connectors/workspace/packages-rest.php) Could not connect to provider at: http://rest.modx.com/extras/
[2013-06-18 11:21:55] (ERROR @ /modx/index.php) [FormIt] An error occurred while trying to send the email. Could not instantiate mail function.
[2013-06-18 15:31:44] (ERROR @ /modx/index.php) `[[*2]]` is not a valid integer and may not be passed to makeUrl()
[2013-06-19 10:43:42] (ERROR @ /modx/connectors/layout/modx.config.js.php) Error caching lexicon topic lexicon/en/core/resource
[2013-06-19 14:45:25] (ERROR @ /modx/index.php) Path specified for package posts is not a valid or accessible directory: /var/www/modx/core/components/posts/model/
[2013-06-19 14:45:49] (ERROR @ /modx/index.php) Path specified for package posts is not a valid or accessible directory: /var/www/modx/core/components/posts/model/
[2013-06-19 14:46:23] (ERROR @ /modx/index.php) Path specified for package posts is not a valid or accessible directory: /var/www/modx/core/components/posts/model/
[2013-06-19 14:49:56] (ERROR @ /modx/index.php) Path specified for package posts is not a valid or accessible directory: /var/www/modx/core/components/posts/model/
[2013-06-19 15:33:18] (ERROR @ /modx/index.php) Path specified for package posts is not a valid or accessible directory: /var/www/modx/core/components/posts/model/
[2013-06-19 15:56:26] (ERROR @ /modx/index.php) Could not load class: Post from mysql.post.
[2013-06-19 15:56:26] (ERROR @ /modx/index.php) Post::loadCollection() is not a valid static method.
[2013-06-19 15:56:45] (ERROR @ /modx/index.php) Could not load class: posts from mysql.posts.
[2013-06-19 15:56:45] (ERROR @ /modx/index.php) posts::loadCollection() is not a valid static method.
[2013-06-19 15:57:18] (ERROR @ /modx/index.php) Could not load class: Posts from mysql.posts.
[2013-06-19 15:57:18] (ERROR @ /modx/index.php) Posts::loadCollection() is not a valid static method.
[2013-06-19 16:02:48] (ERROR @ /modx/index.php) Could not load class: Posts from mysql.posts.
[2013-06-19 16:02:48] (ERROR @ /modx/index.php) Posts::loadCollection() is not a valid static method.
[2013-06-19 16:02:52] (ERROR @ /modx/index.php) Could not load class: Posts from mysql.posts.
[2013-06-19 16:02:52] (ERROR @ /modx/index.php) Posts::loadCollection() is not a valid static method.
[2013-06-19 16:10:46] (ERROR @ /modx/index.php) Could not load class: Posts from mysql.posts.
[2013-06-19 16:10:46] (ERROR @ /modx/index.php) Posts::loadCollection() is not a valid static method.
[2013-06-19 16:17:47] (ERROR @ /modx/index.php) Could not load class: Posts from mysql.posts.
[2013-06-19 16:17:47] (ERROR @ /modx/index.php) Posts::loadCollection() is not a valid static method.
[2013-06-19 16:18:59] (ERROR @ /modx/index.php) Could not load class: Posts from mysql.posts.
[2013-06-19 16:18:59] (ERROR @ /modx/index.php) Posts::loadCollection() is not a valid static method.
[2013-06-19 16:39:57] (ERROR @ /modx/index.php) Could not load class: Posts from mysql.posts.
[2013-06-19 16:53:10] (ERROR @ /modx/index.php) Could not load class: Posts from mysql.posts.
[2013-06-19 17:02:23] (ERROR @ /modx/index.php) Could not load class: Posts from mysql.posts.
[2013-06-19 17:02:23] (ERROR @ /modx/index.php) Posts::loadCollection() is not a valid static method.
[2013-06-19 17:03:13] (ERROR @ /modx/index.php) Could not load class: Posts from mysql.posts.
